Using pre-set license
Built from '2021.3/staging' branch; Version is '2021.3.9f1 (ad3870b89536) revision 11352176'; Using compiler version '192829333'; Build Type 'Release'
OS: 'Windows 10  (10.0.19044) 64bit Core' Language: 'ko' Physical Memory: 24267 MB
BatchMode: 1, IsHumanControllingUs: 0, StartBugReporterOnCrash: 0, Is64bit: 1, IsPro: 1

COMMAND LINE ARGUMENTS:
C:\Program Files\Unity\Hub\Editor\2021.3.9f1\Editor\Unity.exe
-adb2
-batchMode
-noUpm
-name
AssetImportWorker0
-projectPath
C:/Users/user/OneDrive/문서/GitHub/Your-Life-Game-Project
-logFile
Logs/AssetImportWorker0.log
-srvPort
53898
Successfully changed project path to: C:/Users/user/OneDrive/문서/GitHub/Your-Life-Game-Project
C:/Users/user/OneDrive/문서/GitHub/Your-Life-Game-Project
[UnityMemory] Configuration Parameters - Can be set up in boot.config
    "memorysetup-bucket-allocator-granularity=16"
    "memorysetup-bucket-allocator-bucket-count=8"
    "memorysetup-bucket-allocator-block-size=33554432"
    "memorysetup-bucket-allocator-block-count=8"
    "memorysetup-main-allocator-block-size=16777216"
    "memorysetup-thread-allocator-block-size=16777216"
    "memorysetup-gfx-main-allocator-block-size=16777216"
    "memorysetup-gfx-thread-allocator-block-size=16777216"
    "memorysetup-cache-allocator-block-size=4194304"
    "memorysetup-typetree-allocator-block-size=2097152"
    "memorysetup-profiler-bucket-allocator-granularity=16"
    "memorysetup-profiler-bucket-allocator-bucket-count=8"
    "memorysetup-profiler-bucket-allocator-block-size=33554432"
    "memorysetup-profiler-bucket-allocator-block-count=8"
    "memorysetup-profiler-allocator-block-size=16777216"
    "memorysetup-profiler-editor-allocator-block-size=1048576"
    "memorysetup-temp-allocator-size-main=16777216"
    "memorysetup-job-temp-allocator-block-size=2097152"
    "memorysetup-job-temp-allocator-block-size-background=1048576"
    "memorysetup-job-temp-allocator-reduction-small-platforms=262144"
    "memorysetup-temp-allocator-size-background-worker=32768"
    "memorysetup-temp-allocator-size-job-worker=262144"
    "memorysetup-temp-allocator-size-preload-manager=33554432"
    "memorysetup-temp-allocator-size-nav-mesh-worker=65536"
    "memorysetup-temp-allocator-size-audio-worker=65536"
    "memorysetup-temp-allocator-size-cloud-worker=32768"
    "memorysetup-temp-allocator-size-gi-baking-worker=262144"
    "memorysetup-temp-allocator-size-gfx=262144"
Refreshing native plugins compatible for Editor in 73.47 ms, found 3 plugins.
Preloading 0 native plugins for Editor in 0.00 ms.
Initialize engine version: 2021.3.9f1 (ad3870b89536)
[Subsystems] Discovering subsystems at path C:/Program Files/Unity/Hub/Editor/2021.3.9f1/Editor/Data/Resources/UnitySubsystems
[Subsystems] Discovering subsystems at path C:/Users/user/OneDrive/문서/GitHub/Your-Life-Game-Project/Assets
GfxDevice: creating device client; threaded=0; jobified=0
Direct3D:
    Version:  Direct3D 11.0 [level 11.1]
    Renderer: NVIDIA GeForce RTX 3070 Laptop GPU (ID=0x249d)
    Vendor:   NVIDIA
    VRAM:     8044 MB
    Driver:   30.0.15.1278
Initialize mono
Mono path[0] = 'C:/Program Files/Unity/Hub/Editor/2021.3.9f1/Editor/Data/Managed'
Mono path[1] = 'C:/Program Files/Unity/Hub/Editor/2021.3.9f1/Editor/Data/MonoBleedingEdge/lib/mono/unityjit-win32'
Mono config path = 'C:/Program Files/Unity/Hub/Editor/2021.3.9f1/Editor/Data/MonoBleedingEdge/etc'
Using monoOptions --debugger-agent=transport=dt_socket,embedding=1,server=y,suspend=n,address=127.0.0.1:56524
Begin MonoManager ReloadAssembly
Registering precompiled unity dll's ...
Register platform support module: C:/Program Files/Unity/Hub/Editor/2021.3.9f1/Editor/Data/PlaybackEngines/AndroidPlayer/UnityEditor.Android.Extensions.dll
Register platform support module: C:/Program Files/Unity/Hub/Editor/2021.3.9f1/Editor/Data/PlaybackEngines/WindowsStandaloneSupport/UnityEditor.WindowsStandalone.Extensions.dll
Registered in 0.005544 seconds.
Native extension for WindowsStandalone target not found
Native extension for Android target not found
Refreshing native plugins compatible for Editor in 74.97 ms, found 3 plugins.
Preloading 0 native plugins for Editor in 0.00 ms.
Mono: successfully reloaded assembly
- Completed reload, in  0.584 seconds
Domain Reload Profiling:
	ReloadAssembly (584ms)
		BeginReloadAssembly (64ms)
			ExecutionOrderSort (0ms)
			DisableScriptedObjects (0ms)
			BackupInstance (0ms)
			ReleaseScriptingObjects (0ms)
			CreateAndSetChildDomain (1ms)
		EndReloadAssembly (420ms)
			LoadAssemblies (63ms)
			RebuildTransferFunctionScriptingTraits (0ms)
			SetupTypeCache (93ms)
			ReleaseScriptCaches (0ms)
			RebuildScriptCaches (28ms)
			SetupLoadedEditorAssemblies (255ms)
				LogAssemblyErrors (0ms)
				InitializePlatformSupportModulesInManaged (53ms)
				SetLoadedEditorAssemblies (0ms)
				RefreshPlugins (75ms)
				BeforeProcessingInitializeOnLoad (1ms)
				ProcessInitializeOnLoadAttributes (88ms)
				ProcessInitializeOnLoadMethodAttributes (38ms)
				AfterProcessingInitializeOnLoad (0ms)
				EditorAssembliesLoaded (0ms)
			ExecutionOrderSort2 (0ms)
			AwakeInstancesAfterBackupRestoration (0ms)
Platform modules already initialized, skipping
Registering precompiled user dll's ...
Registered in 0.005854 seconds.
Begin MonoManager ReloadAssembly
Symbol file LoadedFromMemory doesn't match image C:\Users\user\OneDrive\문서\GitHub\Your-Life-Game-Project\Library\PackageCache\com.unity.visualscripting@1.7.8\Editor\VisualScripting.Core\Dependencies\YamlDotNet\Unity.VisualScripting.YamlDotNet.dll
Symbol file LoadedFromMemory doesn't match image C:\Users\user\OneDrive\문서\GitHub\Your-Life-Game-Project\Library\PackageCache\com.unity.visualscripting@1.7.8\Editor\VisualScripting.Core\Dependencies\DotNetZip\Unity.VisualScripting.IonicZip.dll
Native extension for WindowsStandalone target not found
Native extension for Android target not found
Refreshing native plugins compatible for Editor in 0.76 ms, found 3 plugins.
Preloading 0 native plugins for Editor in 0.00 ms.
Mono: successfully reloaded assembly
- Completed reload, in  1.023 seconds
Domain Reload Profiling:
	ReloadAssembly (1024ms)
		BeginReloadAssembly (204ms)
			ExecutionOrderSort (0ms)
			DisableScriptedObjects (4ms)
			BackupInstance (0ms)
			ReleaseScriptingObjects (0ms)
			CreateAndSetChildDomain (124ms)
		EndReloadAssembly (718ms)
			LoadAssemblies (71ms)
			RebuildTransferFunctionScriptingTraits (0ms)
			SetupTypeCache (234ms)
			ReleaseScriptCaches (1ms)
			RebuildScriptCaches (54ms)
			SetupLoadedEditorAssemblies (323ms)
				LogAssemblyErrors (0ms)
				InitializePlatformSupportModulesInManaged (15ms)
				SetLoadedEditorAssemblies (0ms)
				RefreshPlugins (1ms)
				BeforeProcessingInitializeOnLoad (76ms)
				ProcessInitializeOnLoadAttributes (195ms)
				ProcessInitializeOnLoadMethodAttributes (26ms)
				AfterProcessingInitializeOnLoad (9ms)
				EditorAssembliesLoaded (0ms)
			ExecutionOrderSort2 (0ms)
			AwakeInstancesAfterBackupRestoration (5ms)
Platform modules already initialized, skipping
========================================================================
Worker process is ready to serve import requests
Launched and connected shader compiler UnityShaderCompiler.exe after 0.03 seconds
Refreshing native plugins compatible for Editor in 0.51 ms, found 3 plugins.
Preloading 0 native plugins for Editor in 0.00 ms.
Unloading 3380 Unused Serialized files (Serialized files now loaded: 0)
Unloading 27 unused Assets / (111.3 KB). Loaded Objects now: 3839.
Memory consumption went from 120.6 MB to 120.5 MB.
Total: 3.349100 ms (FindLiveObjects: 0.241400 ms CreateObjectMapping: 0.124000 ms MarkObjects: 2.869200 ms  DeleteObjects: 0.112900 ms)

AssetImportParameters requested are different than current active one (requested -> active):
  custom:video-decoder-ogg-theora: a1e56fd34408186e4bbccfd4996cb3dc -> 
  custom:container-muxer-webm: aa71ff27fc2769a1b78a27578f13a17b -> 
  custom:container-demuxer-webm: 4f35f7cbe854078d1ac9338744f61a02 -> 
  custom:video-encoder-webm-vp8: eb34c28f22e8b96e1ab97ce403110664 -> 
  custom:audio-encoder-webm-vorbis: bf7c407c2cedff20999df2af8eb42d56 -> 
  custom:framework-win-MediaFoundation: 216162199b28c13a410421893ffa2e32 -> 
  custom:container-demuxer-ogg: 62fdf1f143b41e24485cea50d1cbac27 -> 
  custom:video-decoder-webm-vp8: 9c59270c3fd7afecdb556c50c9e8de78 -> 
  custom:audio-decoder-ogg-vorbis: bf7c407c2cedff20999df2af8eb42d56 -> 
========================================================================
Received Import Request.
  Time since last request: 113265.452089 seconds.
  path: Assets/Scenes
  artifactKey: Guid(6ea315d0fd7389c41b19996891e99ae3) Importer(815301076,1909f56bfc062723c751e8b465ee728b)
Start importing Assets/Scenes using Guid(6ea315d0fd7389c41b19996891e99ae3) Importer(815301076,1909f56bfc062723c751e8b465ee728b)  -> (artifact id: 'b8193726cff86800c54781cdc6d54904') in 0.012279 seconds 
========================================================================
Received Import Request.
  Time since last request: 0.000030 seconds.
  path: Assets/Scenes/SampleScene.unity
  artifactKey: Guid(9fc0d4010bbf28b4594072e72b8655ab) Importer(815301076,1909f56bfc062723c751e8b465ee728b)
Start importing Assets/Scenes/SampleScene.unity using Guid(9fc0d4010bbf28b4594072e72b8655ab) Importer(815301076,1909f56bfc062723c751e8b465ee728b)  -> (artifact id: 'e55ccaa32d8e5c1de03c07a5412c8c3c') in 0.006273 seconds 
========================================================================
Received Import Request.
  Time since last request: 10.782645 seconds.
  path: Assets/Scenes/Main-Game.unity
  artifactKey: Guid(9fc0d4010bbf28b4594072e72b8655ab) Importer(815301076,1909f56bfc062723c751e8b465ee728b)
Start importing Assets/Scenes/Main-Game.unity using Guid(9fc0d4010bbf28b4594072e72b8655ab) Importer(815301076,1909f56bfc062723c751e8b465ee728b)  -> (artifact id: 'b8d6e6f12caa14a0febe00b2c59971b2') in 0.007101 seconds 
========================================================================
Received Import Request.
  Time since last request: 49.921074 seconds.
  path: Assets
  artifactKey: Guid(00000000000000001000000000000000) Importer(815301076,1909f56bfc062723c751e8b465ee728b)
Start importing Assets using Guid(00000000000000001000000000000000) Importer(815301076,1909f56bfc062723c751e8b465ee728b)  -> (artifact id: '79842766b460edbeab6a34051e857a80') in 0.008070 seconds 
========================================================================
Received Import Request.
  Time since last request: 12.275700 seconds.
  path: Assets/Frofab
  artifactKey: Guid(d1c1652d98f488e4b8f8a82d57b409f5) Importer(815301076,1909f56bfc062723c751e8b465ee728b)
Start importing Assets/Frofab using Guid(d1c1652d98f488e4b8f8a82d57b409f5) Importer(815301076,1909f56bfc062723c751e8b465ee728b)  -> (artifact id: '4136bb7bcd81b130327d7017651172f2') in 0.006069 seconds 
========================================================================
Received Import Request.
  Time since last request: 9.339868 seconds.
  path: Assets/Profab
  artifactKey: Guid(d1c1652d98f488e4b8f8a82d57b409f5) Importer(815301076,1909f56bfc062723c751e8b465ee728b)
Start importing Assets/Profab using Guid(d1c1652d98f488e4b8f8a82d57b409f5) Importer(815301076,1909f56bfc062723c751e8b465ee728b)  -> (artifact id: '196d1c4b2ae3df2e68779ca6fac578e8') in 0.006998 seconds 
========================================================================
Received Import Request.
  Time since last request: 9.872719 seconds.
  path: Assets/Script
  artifactKey: Guid(7d6e373332583e248a0e9c2b161d9fa4) Importer(815301076,1909f56bfc062723c751e8b465ee728b)
Start importing Assets/Script using Guid(7d6e373332583e248a0e9c2b161d9fa4) Importer(815301076,1909f56bfc062723c751e8b465ee728b)  -> (artifact id: '1a9111fcb1a5a5ae5b7d32983326bcd8') in 0.006756 seconds 
========================================================================
Received Import Request.
  Time since last request: 9.792920 seconds.
  path: Assets/FBX
  artifactKey: Guid(76f683eb3cbb1f349b9984a78d4650db) Importer(815301076,1909f56bfc062723c751e8b465ee728b)
Start importing Assets/FBX using Guid(76f683eb3cbb1f349b9984a78d4650db) Importer(815301076,1909f56bfc062723c751e8b465ee728b)  -> (artifact id: '251a0d5caa7f658fd99c435b43528a7b') in 0.006162 seconds 
========================================================================
Received Import Request.
  Time since last request: 6.937594 seconds.
  path: Assets/img
  artifactKey: Guid(49343dacb7074934d8e5c20659775b4f) Importer(815301076,1909f56bfc062723c751e8b465ee728b)
Start importing Assets/img using Guid(49343dacb7074934d8e5c20659775b4f) Importer(815301076,1909f56bfc062723c751e8b465ee728b)  -> (artifact id: 'a85e5e4aeb0afb58757b9b9a26aa2734') in 0.006945 seconds 
========================================================================
Received Import Request.
  Time since last request: 53.143388 seconds.
  path: Assets/Material
  artifactKey: Guid(df83705b878989c46b70cba97ab487de) Importer(815301076,1909f56bfc062723c751e8b465ee728b)
Start importing Assets/Material using Guid(df83705b878989c46b70cba97ab487de) Importer(815301076,1909f56bfc062723c751e8b465ee728b)  -> (artifact id: 'eb5c87b18a07b748d9614aef34c9691c') in 0.006922 seconds 
========================================================================
Received Import Request.
  Time since last request: 0.910758 seconds.
  path: Assets/Whtie Icon
  artifactKey: Guid(257f4276f0745564d8c58bfed09243af) Importer(815301076,1909f56bfc062723c751e8b465ee728b)
Start importing Assets/Whtie Icon using Guid(257f4276f0745564d8c58bfed09243af) Importer(815301076,1909f56bfc062723c751e8b465ee728b)  -> (artifact id: '2d07b1dd511d241f35493d9783a31d41') in 0.006642 seconds 
========================================================================
Received Import Request.
  Time since last request: 0.063161 seconds.
  path: Assets/Whtie Icon/-47.png
  artifactKey: Guid(0610e145107281042a7df69b512c8831) Importer(815301076,1909f56bfc062723c751e8b465ee728b)
Start importing Assets/Whtie Icon/-47.png using Guid(0610e145107281042a7df69b512c8831) Importer(815301076,1909f56bfc062723c751e8b465ee728b)  -> (artifact id: '44b28e60bc22ffb57da4a371353c2594') in 0.117918 seconds 
========================================================================
Received Import Request.
  Time since last request: 0.000034 seconds.
  path: Assets/Whtie Icon/close.png
  artifactKey: Guid(fafd13fa9670e62418d3ede722544e05) Importer(815301076,1909f56bfc062723c751e8b465ee728b)
Start importing Assets/Whtie Icon/close.png using Guid(fafd13fa9670e62418d3ede722544e05) Importer(815301076,1909f56bfc062723c751e8b465ee728b)  -> (artifact id: 'e451954c6df742b4df0bc362b5bc449b') in 0.018431 seconds 
========================================================================
Received Import Request.
  Time since last request: 0.000038 seconds.
  path: Assets/Whtie Icon/fist.png
  artifactKey: Guid(ea305554e64e910468f34872f86c49a1) Importer(815301076,1909f56bfc062723c751e8b465ee728b)
Start importing Assets/Whtie Icon/fist.png using Guid(ea305554e64e910468f34872f86c49a1) Importer(815301076,1909f56bfc062723c751e8b465ee728b)  -> (artifact id: '261fb0c50b4679fd8ac21859a95ba264') in 0.030069 seconds 
========================================================================
Received Import Request.
  Time since last request: 0.000036 seconds.
  path: Assets/Whtie Icon/volume-up (1).png
  artifactKey: Guid(3dbcf13cb58c1dd499044a0b438f49ec) Importer(815301076,1909f56bfc062723c751e8b465ee728b)
Start importing Assets/Whtie Icon/volume-up (1).png using Guid(3dbcf13cb58c1dd499044a0b438f49ec) Importer(815301076,1909f56bfc062723c751e8b465ee728b)  -> (artifact id: 'cef6fc39363dc326b7925c1b09ae9300') in 0.033368 seconds 
========================================================================
Received Import Request.
  Time since last request: 0.000040 seconds.
  path: Assets/Whtie Icon/list.png
  artifactKey: Guid(485bb589c9711f246bcfeaf57383b2c8) Importer(815301076,1909f56bfc062723c751e8b465ee728b)
Start importing Assets/Whtie Icon/list.png using Guid(485bb589c9711f246bcfeaf57383b2c8) Importer(815301076,1909f56bfc062723c751e8b465ee728b)  -> (artifact id: 'e16eedfd0e898e0815d8ffc9b893423a') in 0.030674 seconds 
========================================================================
Received Import Request.
  Time since last request: 0.000040 seconds.
  path: Assets/Whtie Icon/backpack.png
  artifactKey: Guid(a6bb7bf1067f3de489568c437086ef3a) Importer(815301076,1909f56bfc062723c751e8b465ee728b)
Start importing Assets/Whtie Icon/backpack.png using Guid(a6bb7bf1067f3de489568c437086ef3a) Importer(815301076,1909f56bfc062723c751e8b465ee728b)  -> (artifact id: '453eed7ff1c0f639e7447dc07eb477e2') in 0.030399 seconds 
========================================================================
Received Import Request.
  Time since last request: 0.000034 seconds.
  path: Assets/Whtie Icon/polygon.png
  artifactKey: Guid(a8ed33b30b6c68c41b61a0059555f186) Importer(815301076,1909f56bfc062723c751e8b465ee728b)
Start importing Assets/Whtie Icon/polygon.png using Guid(a8ed33b30b6c68c41b61a0059555f186) Importer(815301076,1909f56bfc062723c751e8b465ee728b)  -> (artifact id: '3e3bd23dd07f4fa0cc382194c1a05c8f') in 0.019782 seconds 
========================================================================
Received Import Request.
  Time since last request: 0.000043 seconds.
  path: Assets/Whtie Icon/repeat.png
  artifactKey: Guid(81e04ce5f5624be4ea01da1474d486a8) Importer(815301076,1909f56bfc062723c751e8b465ee728b)
Start importing Assets/Whtie Icon/repeat.png using Guid(81e04ce5f5624be4ea01da1474d486a8) Importer(815301076,1909f56bfc062723c751e8b465ee728b)  -> (artifact id: '6b0112a9df8cef3613226e4ad2962a83') in 0.014035 seconds 
========================================================================
Received Import Request.
  Time since last request: 0.000040 seconds.
  path: Assets/Whtie Icon/sword.png
  artifactKey: Guid(b31f05df241f97d448536a1862055dff) Importer(815301076,1909f56bfc062723c751e8b465ee728b)
Start importing Assets/Whtie Icon/sword.png using Guid(b31f05df241f97d448536a1862055dff) Importer(815301076,1909f56bfc062723c751e8b465ee728b)  -> (artifact id: '1824e1cf959b4c73203f86528e3bda1e') in 0.030857 seconds 
========================================================================
Received Import Request.
  Time since last request: 0.000028 seconds.
  path: Assets/Whtie Icon/stopwatch.png
  artifactKey: Guid(34b3dd9778b570542a1557b0fa57632d) Importer(815301076,1909f56bfc062723c751e8b465ee728b)
Start importing Assets/Whtie Icon/stopwatch.png using Guid(34b3dd9778b570542a1557b0fa57632d) Importer(815301076,1909f56bfc062723c751e8b465ee728b)  -> (artifact id: 'c356d4cc316c248c3d34f5b216b0dbf4') in 0.028679 seconds 
========================================================================
Received Import Request.
  Time since last request: 0.000033 seconds.
  path: Assets/Whtie Icon/hexagon.png
  artifactKey: Guid(48c486ee431b03f4f9cfe601dc27c1d5) Importer(815301076,1909f56bfc062723c751e8b465ee728b)
Start importing Assets/Whtie Icon/hexagon.png using Guid(48c486ee431b03f4f9cfe601dc27c1d5) Importer(815301076,1909f56bfc062723c751e8b465ee728b)  -> (artifact id: 'dfccd4c87e1517859962713515a6da96') in 0.030312 seconds 
========================================================================
Received Import Request.
  Time since last request: 0.000027 seconds.
  path: Assets/Whtie Icon/reload (1).png
  artifactKey: Guid(946974ba80298df4088f3d42e7720781) Importer(815301076,1909f56bfc062723c751e8b465ee728b)
Start importing Assets/Whtie Icon/reload (1).png using Guid(946974ba80298df4088f3d42e7720781) Importer(815301076,1909f56bfc062723c751e8b465ee728b)  -> (artifact id: '5f1c0fe5d5d600c1eb59f2a403311efb') in 0.029009 seconds 
========================================================================
Received Import Request.
  Time since last request: 0.000060 seconds.
  path: Assets/Whtie Icon/sign-out.png
  artifactKey: Guid(3460461032a254041b0c5b289179d8ff) Importer(815301076,1909f56bfc062723c751e8b465ee728b)
Start importing Assets/Whtie Icon/sign-out.png using Guid(3460461032a254041b0c5b289179d8ff) Importer(815301076,1909f56bfc062723c751e8b465ee728b)  -> (artifact id: '396dc9b585c6526974ccc72f03130a31') in 0.031816 seconds 
========================================================================
Received Import Request.
  Time since last request: 0.000037 seconds.
  path: Assets/Whtie Icon/FRtWQ-tacAAQOZK.jpg
  artifactKey: Guid(74ff9ef1a7e4d8b42a5162366d440089) Importer(815301076,1909f56bfc062723c751e8b465ee728b)
Start importing Assets/Whtie Icon/FRtWQ-tacAAQOZK.jpg using Guid(74ff9ef1a7e4d8b42a5162366d440089) Importer(815301076,1909f56bfc062723c751e8b465ee728b)  -> (artifact id: 'eda4d1a76c93af0828bbe3675f796e8a') in 0.045401 seconds 
========================================================================
Received Import Request.
  Time since last request: 0.000030 seconds.
  path: Assets/Whtie Icon/volume-up.png
  artifactKey: Guid(b9b448a6e2be2cf4ebe323dd587ffa95) Importer(815301076,1909f56bfc062723c751e8b465ee728b)
Start importing Assets/Whtie Icon/volume-up.png using Guid(b9b448a6e2be2cf4ebe323dd587ffa95) Importer(815301076,1909f56bfc062723c751e8b465ee728b)  -> (artifact id: 'e0b3be51a96bad38d2d8ef6abc13b907') in 0.016512 seconds 
========================================================================
Received Prepare
Refreshing native plugins compatible for Editor in 13.06 ms, found 3 plugins.
Preloading 0 native plugins for Editor in 0.00 ms.
Unloading 20 Unused Serialized files (Serialized files now loaded: 0)
Unloading 20 unused Assets / (75.7 KB). Loaded Objects now: 3848.
Memory consumption went from 57.9 MB to 57.8 MB.
Total: 1428.109900 ms (FindLiveObjects: 0.345400 ms CreateObjectMapping: 0.210000 ms MarkObjects: 1427.388100 ms  DeleteObjects: 0.164400 ms)

AssetImportParameters requested are different than current active one (requested -> active):
  custom:video-decoder-ogg-theora: a1e56fd34408186e4bbccfd4996cb3dc -> 
  custom:container-muxer-webm: aa71ff27fc2769a1b78a27578f13a17b -> 
  custom:container-demuxer-webm: 4f35f7cbe854078d1ac9338744f61a02 -> 
  custom:video-encoder-webm-vp8: eb34c28f22e8b96e1ab97ce403110664 -> 
  custom:audio-encoder-webm-vorbis: bf7c407c2cedff20999df2af8eb42d56 -> 
  custom:framework-win-MediaFoundation: 216162199b28c13a410421893ffa2e32 -> 
  custom:container-demuxer-ogg: 62fdf1f143b41e24485cea50d1cbac27 -> 
  custom:video-decoder-webm-vp8: 9c59270c3fd7afecdb556c50c9e8de78 -> 
  custom:audio-decoder-ogg-vorbis: bf7c407c2cedff20999df2af8eb42d56 -> 
